  grabcut.cpp
C:\Users\woo12\OneDrive\Desktop\check_swing\check_swing\grabcut.cpp(20,53): warning C4244: '인수': 'float'에서 '_Tp'(으)로 변환하면서 데이터가 손실될 수 있습니다.
          with
          [
              _Tp=int
          ]
C:\Users\woo12\OneDrive\Desktop\check_swing\check_swing\grabcut.cpp(20,25): warning C4244: '인수': 'float'에서 '_Tp'(으)로 변환하면서 데이터가 손실될 수 있습니다.
          with
          [
              _Tp=int
          ]
C:\Users\woo12\OneDrive\Desktop\check_swing\check_swing\grabcut.cpp(40,45): warning C4244: '인수': 'float'에서 'int'(으)로 변환하면서 데이터가 손실될 수 있습니다.
C:\Users\woo12\OneDrive\Desktop\check_swing\check_swing\grabcut.cpp(41,45): warning C4244: '인수': 'float'에서 'int'(으)로 변환하면서 데이터가 손실될 수 있습니다.
C:\Users\woo12\OneDrive\Desktop\check_swing\check_swing\grabcut.cpp(42,45): warning C4244: '인수': 'float'에서 'int'(으)로 변환하면서 데이터가 손실될 수 있습니다.
  main.cpp
C:\Users\woo12\OneDrive\Desktop\check_swing\check_swing\main.cpp(20,21): warning C4244: '초기화 중': 'float'에서 'int'(으)로 변환하면서 데이터가 손실될 수 있습니다.
C:\Users\woo12\OneDrive\Desktop\check_swing\check_swing\main.cpp(36,39): warning C4305: '인수': 'double'에서 'float'(으)로 잘립니다.
  코드를 생성하고 있습니다.
C:\Users\woo12\OneDrive\Desktop\check_swing\check_swing\main.cpp(31): warning C4715: 'get_frame': 모든 제어 경로에서 값을 반환하지는 않습니다.
  31 of 325 functions ( 9.5%) were compiled, the rest were copied from previous compilation.
    1 functions were new in current compilation
    2 functions had inline decision re-evaluated but remain unchanged
  코드를 생성했습니다.
  check_swing.vcxproj -> C:\Users\woo12\OneDrive\Desktop\check_swing\check_swing\x64\Release\check_swing.exe
